{
    "AcceleratorBuffer": {
        "name": "qreg_0x56398bd71390",
        "size": 6,
        "Information": {},
        "Measurements": {
            "00001": 1,
            "00010": 10,
            "00011": 2,
            "00101": 1,
            "00110": 47,
            "01000": 3,
            "01001": 1,
            "01010": 176,
            "01011": 3,
            "01100": 3,
            "01101": 1,
            "01110": 7,
            "10000": 1,
            "10001": 1,
            "10010": 26,
            "10100": 3,
            "10101": 1,
            "10110": 13,
            "11000": 1,
            "11001": 1,
            "11010": 712,
            "11100": 4,
            "11110": 6
        }
    }
}
