{
    "AcceleratorBuffer": {
        "name": "qreg_0x564b35420570",
        "size": 6,
        "Information": {},
        "Measurements": {
            "00001": 1,
            "00010": 16,
            "00100": 1,
            "00101": 2,
            "00110": 40,
            "00111": 1,
            "01000": 2,
            "01001": 2,
            "01010": 178,
            "01011": 2,
            "01100": 2,
            "01110": 2,
            "01111": 1,
            "10000": 1,
            "10001": 2,
            "10010": 34,
            "10100": 2,
            "10110": 18,
            "11001": 1,
            "11010": 704,
            "11100": 6,
            "11101": 2,
            "11110": 3,
            "11111": 1
        }
    }
}
