{
    "AcceleratorBuffer": {
        "name": "qreg_0x55dea55016f0",
        "size": 6,
        "Information": {},
        "Measurements": {
            "00000": 2,
            "00001": 1,
            "00010": 2,
            "00011": 2,
            "00100": 5,
            "00101": 3,
            "00110": 3,
            "00111": 10,
            "01000": 9,
            "01001": 19,
            "01010": 195,
            "01011": 697,
            "01100": 36,
            "01101": 22,
            "01110": 4,
            "01111": 4,
            "10000": 1,
            "10001": 1,
            "10100": 1,
            "10101": 1,
            "10111": 1,
            "11001": 1,
            "11011": 1,
            "11101": 3
        }
    }
}
