{
    "AcceleratorBuffer": {
        "name": "qpe_results",
        "size": 5,
        "Information": {},
        "Measurements": {
            "00000": 1,
            "00001": 1,
            "00010": 4,
            "00011": 3,
            "00100": 1,
            "00101": 2,
            "00110": 4,
            "00111": 12,
            "01000": 19,
            "01001": 21,
            "01010": 182,
            "01011": 680,
            "01100": 43,
            "01101": 12,
            "01110": 6,
            "01111": 6,
            "10000": 2,
            "10001": 3,
            "10010": 1,
            "10011": 2,
            "10100": 3,
            "10111": 3,
            "11000": 3,
            "11001": 1,
            "11010": 2,
            "11011": 4,
            "11101": 2,
            "11111": 1
        }
    }
}

[0m
