{
    "AcceleratorBuffer": {
        "name": "qreg_0x5614d2573880",
        "size": 6,
        "Information": {},
        "Measurements": {
            "000000": 18,
            "000001": 22,
            "000010": 76,
            "000011": 137,
            "000100": 23,
            "000101": 31,
            "000110": 38,
            "000111": 33,
            "001000": 14,
            "001001": 11,
            "001010": 24,
            "001011": 25,
            "001100": 11,
            "001101": 17,
            "001110": 9,
            "001111": 18,
            "010000": 20,
            "010001": 14,
            "010010": 92,
            "010011": 103,
            "010100": 14,
            "010101": 31,
            "010110": 43,
            "010111": 48,
            "011000": 15,
            "011001": 13,
            "011010": 18,
            "011011": 34,
            "011100": 17,
            "011101": 21,
            "011110": 11,
            "011111": 23
        }
    }
}