{
    "AcceleratorBuffer": {
        "name": "qreg_0x562be67fd610",
        "size": 6,
        "Information": {},
        "Measurements": {
            "000000": 27,
            "000001": 33,
            "000010": 45,
            "000011": 27,
            "000100": 39,
            "000101": 33,
            "000110": 21,
            "000111": 19,
            "001000": 27,
            "001001": 26,
            "001010": 30,
            "001011": 27,
            "001100": 39,
            "001101": 22,
            "001110": 43,
            "001111": 19,
            "010000": 55,
            "010001": 38,
            "010010": 43,
            "010011": 25,
            "010100": 40,
            "010101": 32,
            "010110": 26,
            "010111": 27,
            "011000": 35,
            "011001": 30,
            "011010": 24,
            "011011": 25,
            "011100": 42,
            "011101": 53,
            "011110": 19,
            "011111": 33
        }
    }
}