{
    "AcceleratorBuffer": {
        "name": "qreg_0x55dcd03f5610",
        "size": 6,
        "Information": {},
        "Measurements": {
            "000000": 46,
            "000001": 31,
            "000010": 18,
            "000011": 18,
            "000100": 48,
            "000101": 48,
            "000110": 21,
            "000111": 37,
            "001000": 21,
            "001001": 26,
            "001010": 21,
            "001011": 23,
            "001100": 43,
            "001101": 31,
            "001110": 28,
            "001111": 24,
            "010000": 17,
            "010001": 20,
            "010010": 15,
            "010011": 16,
            "010100": 60,
            "010101": 43,
            "010110": 27,
            "010111": 19,
            "011000": 30,
            "011001": 18,
            "011010": 12,
            "011011": 27,
            "011100": 73,
            "011101": 58,
            "011110": 43,
            "011111": 62
        }
    }
}