{
    "AcceleratorBuffer": {
        "name": "qreg_0x564bac8007d0",
        "size": 6,
        "Information": {},
        "Measurements": {
            "000000": 3,
            "000001": 6,
            "000010": 9,
            "000011": 38,
            "000100": 12,
            "000101": 10,
            "000110": 9,
            "000111": 11,
            "001000": 30,
            "001001": 51,
            "001010": 104,
            "001011": 529,
            "001100": 39,
            "001101": 17,
            "001110": 6,
            "001111": 5,
            "010000": 3,
            "010001": 6,
            "010010": 14,
            "010011": 30,
            "010100": 8,
            "010101": 5,
            "010110": 4,
            "010111": 3,
            "011000": 5,
            "011001": 6,
            "011010": 10,
            "011011": 37,
            "011100": 5,
            "011101": 4,
            "011110": 3,
            "011111": 2
        }
    }
}