{
    "AcceleratorBuffer": {
        "name": "qreg_0x5583af6cf540",
        "size": 6,
        "Information": {},
        "Measurements": {
            "000000": 22,
            "000001": 35,
            "000010": 32,
            "000011": 34,
            "000100": 31,
            "000101": 39,
            "000110": 41,
            "000111": 64,
            "001000": 39,
            "001001": 16,
            "001010": 55,
            "001011": 34,
            "001100": 20,
            "001101": 14,
            "001110": 49,
            "001111": 19,
            "010000": 35,
            "010001": 15,
            "010010": 35,
            "010011": 17,
            "010100": 37,
            "010101": 35,
            "010110": 46,
            "010111": 67,
            "011000": 27,
            "011001": 16,
            "011010": 19,
            "011011": 36,
            "011100": 23,
            "011101": 14,
            "011110": 23,
            "011111": 35
        }
    }
}